<?xml version="1.0" encoding="UTF-8"?>
<testng-results ignored="0" total="1" passed="1" failed="0" skipped="0">
  <reporter-output>
  </reporter-output>
  <suite started-at="2024-09-30T17:53:55 IST" name="Master" finished-at="2024-09-30T17:54:00 IST" duration-ms="4388">
    <groups>
    </groups>
    <test started-at="2024-09-30T17:53:55 IST" name="Test" finished-at="2024-09-30T17:54:00 IST" duration-ms="4388">
      <class name="TestCases.TC002_AlexaSmartHome">
        <test-method is-config="true" signature="setup(java.lang.String)[pri:0, instance:TestCases.TC002_AlexaSmartHome@2c88b9fc]" started-at="2024-09-30T17:53:55 IST" name="setup" finished-at="2024-09-30T17:53:58 IST" duration-ms="2390" status="PASS">
          <params>
            <param index="0">
              <value>
                <![CDATA[chrome]]>
              </value>
            </param>
          </params>
          <reporter-output>
          </reporter-output>
        </test-method> <!-- setup -->
        <test-method signature="AlexaSHTest()[pri:0, instance:TestCases.TC002_AlexaSmartHome@2c88b9fc]" started-at="2024-09-30T17:53:58 IST" name="AlexaSHTest" finished-at="2024-09-30T17:53:59 IST" duration-ms="1697" status="PASS">
          <reporter-output>
          </reporter-output>
        </test-method> <!-- AlexaSHTest -->
        <test-method is-config="true" signature="teardown()[pri:0, instance:TestCases.TC002_AlexaSmartHome@2c88b9fc]" started-at="2024-09-30T17:53:59 IST" name="teardown" finished-at="2024-09-30T17:54:00 IST" duration-ms="137" status="PASS">
          <reporter-output>
          </reporter-output>
        </test-method> <!-- teardown -->
      </class> <!-- TestCases.TC002_AlexaSmartHome -->
    </test> <!-- Test -->
  </suite> <!-- Master -->
</testng-results>
